
 === REPORT FOR pagerank() ===
[Numeric]
cachesize_mb:		0
compression:		0
execthreads:		8
loadthreads:		4
membudget_mb:		800
niothreads:		2
niters:		10
nshards:		2
nvertices:		335569
scheduler:		0
stripesize:		1.07374e+09
updates:		3.35569e+06
work:		1.67753e+08
[Timings]
blockload:		0.051832s	 (count: 190, min: 2e-06s, max: 0.001869, avg: 0.0002728s)
commit:		0.006426s	 (count: 350, min: 0s, max: 0.000801, avg: 1.836e-05s)
execute-updates:		0.192756s	 (count: 20, min: 0.004545s, max: 0.015079, avg: 0.0096378s)
iomgr_init:		0.000155 s
memoryshard_create_edges:		4.64907s	 (count: 40, min: 0.019053s, max: 0.261877, avg: 0.116227s)
memshard_commit:		0.124031s	 (count: 20, min: 0.004872s, max: 0.007468, avg: 0.00620155s)
preada_now:		0.287789s	 (count: 620, min: 1e-06s, max: 0.012567, avg: 0.000464176s)
pwritea_now:		0.333788s	 (count: 690, min: 2.1e-05s, max: 0.000983, avg: 0.000483751s)
read_next_vertices:		0.718877s	 (count: 20, min: 0.030176s, max: 0.055492, avg: 0.0359438s)
runtime:		5.70655 s
stripedio_wait_for_reads:		1.5e-05s	 (count: 20, min: 0s, max: 1e-06, avg: 7.5e-07s)
stripedio_wait_for_writes:		2.4e-05s	 (count: 31, min: 0s, max: 2e-06, avg: 7.74194e-07s)
[Other]
app:	pagerank
engine:	functional
file:	s19_e16/graph_s19_e16_packed
Print top 20 vertices: 
1. 0	331.198
2. 4048	106.159
3. 15509	106.016
4. 64	105.92
5. 1022	105.83
6. 2041	105.807
7. 32	105.805
8. 128	105.743
9. 7959	105.722
10. 2	105.456
11. 8	105.156
12. 4	105.119
13. 16	105.052
14. 103794	104.99
15. 512	104.825
16. 56147	104.69
17. 1	104.423
18. 256	104.347
19. 29772	104.338
20. 188440	103.674

 === REPORT FOR pagerank() ===
[Numeric]
cachesize_mb:		0
compression:		0
execthreads:		8
loadthreads:		4
membudget_mb:		800
niothreads:		2
niters:		10
nshards:		2
nvertices:		335569
scheduler:		0
stripesize:		1.07374e+09
updates:		3.35569e+06
work:		1.67753e+08
[Timings]
blockload:		0.047524s	 (count: 190, min: 2e-06s, max: 0.002758, avg: 0.000250126s)
commit:		0.005874s	 (count: 350, min: 0s, max: 0.000684, avg: 1.67829e-05s)
execute-updates:		0.178663s	 (count: 20, min: 0.003738s, max: 0.015262, avg: 0.00893315s)
iomgr_init:		0.000155 s
memoryshard_create_edges:		4.81664s	 (count: 40, min: 0.01899s, max: 0.258204, avg: 0.120416s)
memshard_commit:		0.126067s	 (count: 20, min: 0.004988s, max: 0.01069, avg: 0.00630335s)
preada_now:		0.290806s	 (count: 620, min: 1e-06s, max: 0.013888, avg: 0.000469042s)
pwritea_now:		0.343906s	 (count: 690, min: 1.8e-05s, max: 0.002709, avg: 0.000498414s)
read_next_vertices:		0.689476s	 (count: 20, min: 0.029564s, max: 0.039342, avg: 0.0344738s)
runtime:		5.85372 s
stripedio_wait_for_reads:		1.9e-05s	 (count: 20, min: 0s, max: 2e-06, avg: 9.5e-07s)
stripedio_wait_for_writes:		3e-05s	 (count: 31, min: 0s, max: 2e-06, avg: 9.67742e-07s)
[Other]
app:	pagerank
engine:	functional
file:	s19_e16/graph_s19_e16_packed
Print top 20 vertices: 
1. 0	331.2
2. 4048	106.159
3. 15509	106.016
4. 64	105.921
5. 1022	105.83
6. 2041	105.807
7. 32	105.805
8. 128	105.743
9. 7959	105.722
10. 2	105.456
11. 8	105.156
12. 4	105.12
13. 16	105.052
14. 103794	104.99
15. 512	104.825
16. 56147	104.69
17. 1	104.423
18. 256	104.347
19. 29772	104.338
20. 188440	103.674

 === REPORT FOR pagerank() ===
[Numeric]
cachesize_mb:		0
compression:		0
execthreads:		8
loadthreads:		4
membudget_mb:		800
niothreads:		2
niters:		10
nshards:		2
nvertices:		335569
scheduler:		0
stripesize:		1.07374e+09
updates:		3.35569e+06
work:		1.67753e+08
[Timings]
blockload:		0.051978s	 (count: 190, min: 2e-06s, max: 0.003605, avg: 0.000273568s)
commit:		0.006001s	 (count: 350, min: 0s, max: 0.000676, avg: 1.71457e-05s)
execute-updates:		0.181439s	 (count: 20, min: 0.005534s, max: 0.016684, avg: 0.00907195s)
iomgr_init:		0.000159 s
memoryshard_create_edges:		4.68714s	 (count: 40, min: 0.018749s, max: 0.275449, avg: 0.117179s)
memshard_commit:		0.123619s	 (count: 20, min: 0.004829s, max: 0.007427, avg: 0.00618095s)
preada_now:		0.507302s	 (count: 620, min: 2e-06s, max: 0.21154, avg: 0.000818229s)
pwritea_now:		0.341s	 (count: 690, min: 1.5e-05s, max: 0.00109, avg: 0.000494203s)
read_next_vertices:		0.710697s	 (count: 20, min: 0.029232s, max: 0.04321, avg: 0.0355348s)
runtime:		5.92781 s
stripedio_wait_for_reads:		1.9e-05s	 (count: 20, min: 0s, max: 2e-06, avg: 9.5e-07s)
stripedio_wait_for_writes:		3e-05s	 (count: 31, min: 0s, max: 2e-06, avg: 9.67742e-07s)
[Other]
app:	pagerank
engine:	functional
file:	s19_e16/graph_s19_e16_packed
Print top 20 vertices: 
1. 0	331.199
2. 4048	106.159
3. 15509	106.016
4. 64	105.921
5. 1022	105.83
6. 2041	105.808
7. 32	105.805
8. 128	105.743
9. 7959	105.722
10. 2	105.456
11. 8	105.156
12. 4	105.12
13. 16	105.052
14. 103794	104.99
15. 512	104.825
16. 56147	104.691
17. 1	104.423
18. 256	104.347
19. 29772	104.338
20. 188440	103.674

 === REPORT FOR pagerank() ===
[Numeric]
cachesize_mb:		0
compression:		0
execthreads:		8
loadthreads:		4
membudget_mb:		800
niothreads:		2
niters:		10
nshards:		2
nvertices:		335569
scheduler:		0
stripesize:		1.07374e+09
updates:		3.35569e+06
work:		1.67753e+08
[Timings]
blockload:		0.046755s	 (count: 190, min: 2e-06s, max: 0.001093, avg: 0.000246079s)
commit:		0.005814s	 (count: 350, min: 0s, max: 0.000637, avg: 1.66114e-05s)
execute-updates:		0.203075s	 (count: 20, min: 0.003825s, max: 0.020974, avg: 0.0101537s)
iomgr_init:		8.8e-05 s
memoryshard_create_edges:		4.71089s	 (count: 40, min: 0.018714s, max: 0.271372, avg: 0.117772s)
memshard_commit:		0.13987s	 (count: 20, min: 0.004241s, max: 0.010452, avg: 0.0069935s)
preada_now:		0.321506s	 (count: 620, min: 1e-06s, max: 0.014541, avg: 0.000518558s)
pwritea_now:		0.325608s	 (count: 690, min: 1.8e-05s, max: 0.016398, avg: 0.000471896s)
read_next_vertices:		0.704116s	 (count: 20, min: 0.029227s, max: 0.051379, avg: 0.0352058s)
runtime:		5.8082 s
stripedio_wait_for_reads:		1.8e-05s	 (count: 20, min: 0s, max: 1e-06, avg: 9e-07s)
stripedio_wait_for_writes:		2.8e-05s	 (count: 31, min: 0s, max: 2e-06, avg: 9.03226e-07s)
[Other]
app:	pagerank
engine:	functional
file:	s19_e16/graph_s19_e16_packed
Print top 20 vertices: 
1. 0	331.2
2. 4048	106.159
3. 15509	106.016
4. 64	105.92
5. 1022	105.83
6. 2041	105.807
7. 32	105.805
8. 128	105.743
9. 7959	105.722
10. 2	105.456
11. 8	105.156
12. 4	105.12
13. 16	105.052
14. 103794	104.99
15. 512	104.825
16. 56147	104.691
17. 1	104.423
18. 256	104.347
19. 29772	104.338
20. 188440	103.674

 === REPORT FOR pagerank() ===
[Numeric]
cachesize_mb:		0
compression:		0
execthreads:		8
loadthreads:		4
membudget_mb:		800
niothreads:		2
niters:		10
nshards:		2
nvertices:		335569
scheduler:		0
stripesize:		1.07374e+09
updates:		3.35569e+06
work:		1.67753e+08
[Timings]
blockload:		0.050224s	 (count: 190, min: 2e-06s, max: 0.002501, avg: 0.000264337s)
commit:		0.00574s	 (count: 350, min: 0s, max: 0.000652, avg: 1.64e-05s)
execute-updates:		0.186704s	 (count: 20, min: 0.003406s, max: 0.016638, avg: 0.0093352s)
iomgr_init:		0.000159 s
memoryshard_create_edges:		4.77428s	 (count: 40, min: 0.01911s, max: 0.258798, avg: 0.119357s)
memshard_commit:		0.115566s	 (count: 20, min: 0.004265s, max: 0.007182, avg: 0.0057783s)
preada_now:		0.736996s	 (count: 620, min: 1e-06s, max: 0.455638, avg: 0.0011887s)
pwritea_now:		0.333748s	 (count: 690, min: 1.7e-05s, max: 0.001021, avg: 0.000483693s)
read_next_vertices:		0.754856s	 (count: 20, min: 0.029774s, max: 0.053258, avg: 0.0377428s)
runtime:		6.27197 s
stripedio_wait_for_reads:		1.8e-05s	 (count: 20, min: 0s, max: 2e-06, avg: 9e-07s)
stripedio_wait_for_writes:		2.7e-05s	 (count: 31, min: 0s, max: 2e-06, avg: 8.70968e-07s)
[Other]
app:	pagerank
engine:	functional
file:	s19_e16/graph_s19_e16_packed
Print top 20 vertices: 
1. 0	331.198
2. 4048	106.159
3. 15509	106.015
4. 64	105.92
5. 1022	105.83
6. 2041	105.807
7. 32	105.805
8. 128	105.743
9. 7959	105.722
10. 2	105.456
11. 8	105.156
12. 4	105.12
13. 16	105.052
14. 103794	104.99
15. 512	104.825
16. 56147	104.69
17. 1	104.423
18. 256	104.347
19. 29772	104.338
20. 188440	103.674

 === REPORT FOR pagerank() ===
[Numeric]
cachesize_mb:		0
compression:		0
execthreads:		8
loadthreads:		4
membudget_mb:		800
niothreads:		2
niters:		10
nshards:		2
nvertices:		335569
scheduler:		0
stripesize:		1.07374e+09
updates:		3.35569e+06
work:		1.67753e+08
[Timings]
blockload:		0.053728s	 (count: 190, min: 2e-06s, max: 0.004173, avg: 0.000282779s)
commit:		0.005823s	 (count: 350, min: 0s, max: 0.000665, avg: 1.66371e-05s)
execute-updates:		0.183188s	 (count: 20, min: 0.003464s, max: 0.018052, avg: 0.0091594s)
iomgr_init:		0.000166 s
memoryshard_create_edges:		4.47499s	 (count: 40, min: 0.01857s, max: 0.255114, avg: 0.111875s)
memshard_commit:		0.117937s	 (count: 20, min: 0.004328s, max: 0.00843, avg: 0.00589685s)
preada_now:		0.291103s	 (count: 620, min: 1e-06s, max: 0.014469, avg: 0.000469521s)
pwritea_now:		0.335225s	 (count: 690, min: 2e-05s, max: 0.001142, avg: 0.000485833s)
read_next_vertices:		0.717616s	 (count: 20, min: 0.029905s, max: 0.052222, avg: 0.0358808s)
runtime:		5.51981 s
stripedio_wait_for_reads:		1.3e-05s	 (count: 20, min: 0s, max: 2e-06, avg: 6.5e-07s)
stripedio_wait_for_writes:		2.4e-05s	 (count: 31, min: 0s, max: 2e-06, avg: 7.74194e-07s)
[Other]
app:	pagerank
engine:	functional
file:	s19_e16/graph_s19_e16_packed
Print top 20 vertices: 
1. 0	331.2
2. 4048	106.159
3. 15509	106.016
4. 64	105.92
5. 1022	105.83
6. 2041	105.807
7. 32	105.805
8. 128	105.743
9. 7959	105.722
10. 2	105.456
11. 8	105.156
12. 4	105.12
13. 16	105.052
14. 103794	104.99
15. 512	104.825
16. 56147	104.691
17. 1	104.423
18. 256	104.347
19. 29772	104.338
20. 188440	103.674

 === REPORT FOR pagerank() ===
[Numeric]
cachesize_mb:		0
compression:		0
execthreads:		8
loadthreads:		4
membudget_mb:		800
niothreads:		2
niters:		10
nshards:		2
nvertices:		335569
scheduler:		0
stripesize:		1.07374e+09
updates:		3.35569e+06
work:		1.67753e+08
[Timings]
blockload:		0.044322s	 (count: 190, min: 2e-06s, max: 0.000974, avg: 0.000233274s)
commit:		0.006059s	 (count: 350, min: 0s, max: 0.000688, avg: 1.73114e-05s)
execute-updates:		0.18021s	 (count: 20, min: 0.003845s, max: 0.017844, avg: 0.0090105s)
iomgr_init:		0.000158 s
memoryshard_create_edges:		4.44667s	 (count: 40, min: 0.018564s, max: 0.260273, avg: 0.111167s)
memshard_commit:		0.120566s	 (count: 20, min: 0.004438s, max: 0.007829, avg: 0.0060283s)
preada_now:		0.539228s	 (count: 620, min: 1e-06s, max: 0.263004, avg: 0.000869723s)
pwritea_now:		0.328609s	 (count: 690, min: 2.1e-05s, max: 0.001145, avg: 0.000476245s)
read_next_vertices:		0.694385s	 (count: 20, min: 0.029756s, max: 0.048723, avg: 0.0347193s)
runtime:		5.72896 s
stripedio_wait_for_reads:		1.4e-05s	 (count: 20, min: 0s, max: 1e-06, avg: 7e-07s)
stripedio_wait_for_writes:		2.6e-05s	 (count: 31, min: 0s, max: 2e-06, avg: 8.3871e-07s)
[Other]
app:	pagerank
engine:	functional
file:	s19_e16/graph_s19_e16_packed
Print top 20 vertices: 
1. 0	331.2
2. 4048	106.159
3. 15509	106.016
4. 64	105.921
5. 1022	105.83
6. 2041	105.808
7. 32	105.805
8. 128	105.743
9. 7959	105.722
10. 2	105.456
11. 8	105.156
12. 4	105.12
13. 16	105.052
14. 103794	104.99
15. 512	104.825
16. 56147	104.691
17. 1	104.423
18. 256	104.347
19. 29772	104.338
20. 188440	103.674

 === REPORT FOR pagerank() ===
[Numeric]
cachesize_mb:		0
compression:		0
execthreads:		8
loadthreads:		4
membudget_mb:		800
niothreads:		2
niters:		10
nshards:		2
nvertices:		335569
scheduler:		0
stripesize:		1.07374e+09
updates:		3.35569e+06
work:		1.67753e+08
[Timings]
blockload:		0.047276s	 (count: 190, min: 2e-06s, max: 0.002332, avg: 0.000248821s)
commit:		0.005934s	 (count: 350, min: 0s, max: 0.000654, avg: 1.69543e-05s)
execute-updates:		0.19241s	 (count: 20, min: 0.004861s, max: 0.015937, avg: 0.0096205s)
iomgr_init:		0.000152 s
memoryshard_create_edges:		4.67221s	 (count: 40, min: 0.018695s, max: 0.263047, avg: 0.116805s)
memshard_commit:		0.104745s	 (count: 20, min: 0.004243s, max: 0.007035, avg: 0.00523725s)
preada_now:		0.686919s	 (count: 620, min: 1e-06s, max: 0.418432, avg: 0.00110793s)
pwritea_now:		0.305027s	 (count: 690, min: 2e-05s, max: 0.000954, avg: 0.000442068s)
read_next_vertices:		0.681842s	 (count: 20, min: 0.029592s, max: 0.039187, avg: 0.0340921s)
runtime:		6.05485 s
stripedio_wait_for_reads:		2e-05s	 (count: 20, min: 0s, max: 3e-06, avg: 1e-06s)
stripedio_wait_for_writes:		2.5e-05s	 (count: 31, min: 0s, max: 2e-06, avg: 8.06452e-07s)
[Other]
app:	pagerank
engine:	functional
file:	s19_e16/graph_s19_e16_packed
Print top 20 vertices: 
1. 0	331.196
2. 4048	106.159
3. 15509	106.015
4. 64	105.92
5. 1022	105.83
6. 2041	105.807
7. 32	105.805
8. 128	105.743
9. 7959	105.722
10. 2	105.456
11. 8	105.156
12. 4	105.12
13. 16	105.052
14. 103794	104.99
15. 512	104.825
16. 56147	104.69
17. 1	104.423
18. 256	104.347
19. 29772	104.338
20. 188440	103.674

 === REPORT FOR pagerank() ===
[Numeric]
cachesize_mb:		0
compression:		0
execthreads:		8
loadthreads:		4
membudget_mb:		800
niothreads:		2
niters:		10
nshards:		2
nvertices:		335569
scheduler:		0
stripesize:		1.07374e+09
updates:		3.35569e+06
work:		1.67753e+08
[Timings]
blockload:		0.05009s	 (count: 190, min: 2e-06s, max: 0.003827, avg: 0.000263632s)
commit:		0.005695s	 (count: 350, min: 0s, max: 0.000709, avg: 1.62714e-05s)
execute-updates:		0.179604s	 (count: 20, min: 0.00248s, max: 0.020169, avg: 0.0089802s)
iomgr_init:		0.000154 s
memoryshard_create_edges:		4.51643s	 (count: 40, min: 0.018631s, max: 0.250571, avg: 0.112911s)
memshard_commit:		0.109213s	 (count: 20, min: 0.004158s, max: 0.010653, avg: 0.00546065s)
preada_now:		0.282059s	 (count: 620, min: 1e-06s, max: 0.015187, avg: 0.000454934s)
pwritea_now:		0.312924s	 (count: 690, min: 1.5e-05s, max: 0.002901, avg: 0.000453513s)
read_next_vertices:		0.752519s	 (count: 20, min: 0.030284s, max: 0.053382, avg: 0.037626s)
runtime:		5.54647 s
stripedio_wait_for_reads:		1.5e-05s	 (count: 20, min: 0s, max: 1e-06, avg: 7.5e-07s)
stripedio_wait_for_writes:		2.4e-05s	 (count: 31, min: 0s, max: 2e-06, avg: 7.74194e-07s)
[Other]
app:	pagerank
engine:	functional
file:	s19_e16/graph_s19_e16_packed
Print top 20 vertices: 
1. 0	331.195
2. 4048	106.159
3. 15509	106.015
4. 64	105.92
5. 1022	105.83
6. 2041	105.807
7. 32	105.805
8. 128	105.743
9. 7959	105.722
10. 2	105.456
11. 8	105.155
12. 4	105.12
13. 16	105.052
14. 103794	104.99
15. 512	104.825
16. 56147	104.69
17. 1	104.423
18. 256	104.347
19. 29772	104.338
20. 188440	103.674

 === REPORT FOR pagerank() ===
[Numeric]
cachesize_mb:		0
compression:		0
execthreads:		8
loadthreads:		4
membudget_mb:		800
niothreads:		2
niters:		10
nshards:		2
nvertices:		335569
scheduler:		0
stripesize:		1.07374e+09
updates:		3.35569e+06
work:		1.67753e+08
[Timings]
blockload:		0.046992s	 (count: 190, min: 2e-06s, max: 0.001141, avg: 0.000247326s)
commit:		0.006051s	 (count: 350, min: 0s, max: 0.000679, avg: 1.72886e-05s)
execute-updates:		0.175406s	 (count: 20, min: 0.003061s, max: 0.014232, avg: 0.0087703s)
iomgr_init:		9.5e-05 s
memoryshard_create_edges:		4.62083s	 (count: 40, min: 0.018566s, max: 0.262052, avg: 0.115521s)
memshard_commit:		0.111348s	 (count: 20, min: 0.004229s, max: 0.007325, avg: 0.0055674s)
preada_now:		0.586881s	 (count: 620, min: 1e-06s, max: 0.311941, avg: 0.000946582s)
pwritea_now:		0.316451s	 (count: 690, min: 2.1e-05s, max: 0.00095, avg: 0.000458625s)
read_next_vertices:		1.01618s	 (count: 20, min: 0.029733s, max: 0.349884, avg: 0.0508091s)
runtime:		5.9561 s
stripedio_wait_for_reads:		1.6e-05s	 (count: 20, min: 0s, max: 2e-06, avg: 8e-07s)
stripedio_wait_for_writes:		2.5e-05s	 (count: 31, min: 0s, max: 2e-06, avg: 8.06452e-07s)
[Other]
app:	pagerank
engine:	functional
file:	s19_e16/graph_s19_e16_packed
Print top 20 vertices: 
1. 0	331.199
2. 4048	106.159
3. 15509	106.016
4. 64	105.92
5. 1022	105.83
6. 2041	105.807
7. 32	105.805
8. 128	105.743
9. 7959	105.722
10. 2	105.455
11. 8	105.156
12. 4	105.12
13. 16	105.052
14. 103794	104.991
15. 512	104.825
16. 56147	104.69
17. 1	104.423
18. 256	104.347
19. 29772	104.338
20. 188440	103.674
