
 === REPORT FOR pagerank() ===
[Numeric]
cachesize_mb:		0
compression:		0
execthreads:		8
loadthreads:		4
membudget_mb:		800
niothreads:		2
niters:		10
nshards:		11
nvertices:		4.61058e+06
scheduler:		0
stripesize:		1.07374e+09
updates:		4.61058e+07
work:		2.68431e+09
[Timings]
blockload:		1.74133s	 (count: 5210, min: 3e-06s, max: 0.011703, avg: 0.000334228s)
commit:		0.06215s	 (count: 1930, min: 0s, max: 0.001132, avg: 3.22021e-05s)
execute-updates:		1.75755s	 (count: 110, min: 0.002272s, max: 0.052452, avg: 0.0159778s)
iomgr_init:		0.000123 s
memoryshard_create_edges:		71.3502s	 (count: 220, min: 0.018052s, max: 2.57503, avg: 0.324319s)
memshard_commit:		0.531312s	 (count: 110, min: 0.003251s, max: 0.009542, avg: 0.00483011s)
preada_now:		8.88002s	 (count: 15470, min: 3e-06s, max: 0.795812, avg: 0.000574016s)
pwritea_now:		43.8016s	 (count: 10650, min: 3.2e-05s, max: 3.15113, avg: 0.00411283s)
read_next_vertices:		66.9857s	 (count: 1100, min: 0.014786s, max: 3.22594, avg: 0.0608961s)
runtime:		99.8972 s
stripedio_wait_for_reads:		0.000125s	 (count: 110, min: 0s, max: 6e-06, avg: 1.13636e-06s)
stripedio_wait_for_writes:		0.000126s	 (count: 121, min: 0s, max: 3e-06, avg: 1.04132e-06s)
[Other]
app:	pagerank
engine:	functional
file:	s23_e16/graph_s23_e16_packed
Print top 20 vertices: 
1. 0	1515.15
2. 436240	481.764
3. 16221	481.252
4. 512	480.17
5. 2048	480.001
6. 32048	479.922
7. 807154	479.479
8. 256	479.452
9. 232037	478.178
10. 128	478.005
11. 2624605	478
12. 64	477.826
13. 1	477.788
14. 16	477.578
15. 8155	476.826
16. 4093	476.799
17. 1024	476.302
18. 32	476.231
19. 8	475.976
20. 2	475.869

 === REPORT FOR pagerank() ===
[Numeric]
cachesize_mb:		0
compression:		0
execthreads:		8
loadthreads:		4
membudget_mb:		800
niothreads:		2
niters:		10
nshards:		11
nvertices:		4.61058e+06
scheduler:		0
stripesize:		1.07374e+09
updates:		4.61058e+07
work:		2.68431e+09
[Timings]
blockload:		1.7124s	 (count: 5210, min: 3e-06s, max: 0.01287, avg: 0.000328676s)
commit:		0.060027s	 (count: 1930, min: 0s, max: 0.000936, avg: 3.11021e-05s)
execute-updates:		1.76078s	 (count: 110, min: 0.002817s, max: 0.074269, avg: 0.0160071s)
iomgr_init:		0.000138 s
memoryshard_create_edges:		68.8158s	 (count: 220, min: 0.018441s, max: 1.24408, avg: 0.312799s)
memshard_commit:		0.520808s	 (count: 110, min: 0.003059s, max: 0.009448, avg: 0.00473462s)
preada_now:		8.81315s	 (count: 15470, min: 2e-06s, max: 1.47054, avg: 0.000569693s)
pwritea_now:		38.9317s	 (count: 10650, min: 2.9e-05s, max: 2.74745, avg: 0.00365556s)
read_next_vertices:		63.1904s	 (count: 1100, min: 0.014415s, max: 2.78586, avg: 0.0574458s)
runtime:		94.665 s
stripedio_wait_for_reads:		0.000109s	 (count: 110, min: 0s, max: 4e-06, avg: 9.90909e-07s)
stripedio_wait_for_writes:		0.000125s	 (count: 121, min: 0s, max: 2e-06, avg: 1.03306e-06s)
[Other]
app:	pagerank
engine:	functional
file:	s23_e16/graph_s23_e16_packed
Print top 20 vertices: 
1. 0	1515.15
2. 436240	481.765
3. 16221	481.252
4. 512	480.169
5. 2048	479.999
6. 32048	479.921
7. 807154	479.481
8. 256	479.452
9. 232037	478.177
10. 128	478.004
11. 2624605	477.999
12. 64	477.824
13. 1	477.788
14. 16	477.577
15. 8155	476.826
16. 4093	476.798
17. 1024	476.302
18. 32	476.232
19. 8	475.976
20. 2	475.869

 === REPORT FOR pagerank() ===
[Numeric]
cachesize_mb:		0
compression:		0
execthreads:		8
loadthreads:		4
membudget_mb:		800
niothreads:		2
niters:		10
nshards:		11
nvertices:		4.61058e+06
scheduler:		0
stripesize:		1.07374e+09
updates:		4.61058e+07
work:		2.68431e+09
[Timings]
blockload:		1.70045s	 (count: 5210, min: 3e-06s, max: 0.012651, avg: 0.000326383s)
commit:		0.064146s	 (count: 1930, min: 0s, max: 0.000822, avg: 3.32363e-05s)
execute-updates:		1.83173s	 (count: 110, min: 0.002749s, max: 0.048295, avg: 0.0166521s)
iomgr_init:		9.7e-05 s
memoryshard_create_edges:		70.2496s	 (count: 220, min: 0.018598s, max: 1.39989, avg: 0.319316s)
memshard_commit:		0.561169s	 (count: 110, min: 0.002934s, max: 0.015919, avg: 0.00510154s)
preada_now:		11.3082s	 (count: 15470, min: 2e-06s, max: 2.6577, avg: 0.000730979s)
pwritea_now:		23.1763s	 (count: 10650, min: 3e-05s, max: 2.58906, avg: 0.00217618s)
read_next_vertices:		45.8685s	 (count: 1100, min: 0.014392s, max: 2.6321, avg: 0.0416986s)
runtime:		95.6019 s
stripedio_wait_for_reads:		0.000121s	 (count: 110, min: 0s, max: 5e-06, avg: 1.1e-06s)
stripedio_wait_for_writes:		0.000134s	 (count: 121, min: 0s, max: 2e-06, avg: 1.10744e-06s)
[Other]
app:	pagerank
engine:	functional
file:	s23_e16/graph_s23_e16_packed
Print top 20 vertices: 
1. 0	1515.16
2. 436240	481.766
3. 16221	481.253
4. 512	480.166
5. 2048	480.001
6. 32048	479.922
7. 807154	479.48
8. 256	479.451
9. 232037	478.177
10. 128	478.006
11. 2624605	478
12. 64	477.825
13. 1	477.789
14. 16	477.577
15. 8155	476.83
16. 4093	476.798
17. 1024	476.304
18. 32	476.234
19. 8	475.975
20. 2	475.87

 === REPORT FOR pagerank() ===
[Numeric]
cachesize_mb:		0
compression:		0
execthreads:		8
loadthreads:		4
membudget_mb:		800
niothreads:		2
niters:		10
nshards:		11
nvertices:		4.61058e+06
scheduler:		0
stripesize:		1.07374e+09
updates:		4.61058e+07
work:		2.68431e+09
[Timings]
blockload:		1.71966s	 (count: 5210, min: 3e-06s, max: 0.007401, avg: 0.000330068s)
commit:		0.061598s	 (count: 1930, min: 0s, max: 0.000761, avg: 3.19161e-05s)
execute-updates:		1.85626s	 (count: 110, min: 0.002834s, max: 0.051163, avg: 0.0168751s)
iomgr_init:		0.000173 s
memoryshard_create_edges:		68.7475s	 (count: 220, min: 0.0184s, max: 1.99463, avg: 0.312489s)
memshard_commit:		0.839912s	 (count: 110, min: 0.002974s, max: 0.288246, avg: 0.00763556s)
preada_now:		16.7831s	 (count: 15470, min: 2e-06s, max: 2.76008, avg: 0.00108488s)
pwritea_now:		33.8544s	 (count: 10650, min: 2.9e-05s, max: 2.86624, avg: 0.00317881s)
read_next_vertices:		57.3983s	 (count: 1100, min: 0.01424s, max: 2.88664, avg: 0.0521802s)
runtime:		102.056 s
stripedio_wait_for_reads:		0.000135s	 (count: 110, min: 0s, max: 6e-06, avg: 1.22727e-06s)
stripedio_wait_for_writes:		0.000131s	 (count: 121, min: 0s, max: 3e-06, avg: 1.08264e-06s)
[Other]
app:	pagerank
engine:	functional
file:	s23_e16/graph_s23_e16_packed
Print top 20 vertices: 
1. 0	1515.17
2. 436240	481.766
3. 16221	481.252
4. 512	480.169
5. 2048	479.999
6. 32048	479.922
7. 807154	479.48
8. 256	479.452
9. 232037	478.178
10. 128	478.007
11. 2624605	477.998
12. 64	477.827
13. 1	477.789
14. 16	477.577
15. 8155	476.828
16. 4093	476.799
17. 1024	476.302
18. 32	476.234
19. 8	475.977
20. 2	475.87

 === REPORT FOR pagerank() ===
[Numeric]
cachesize_mb:		0
compression:		0
execthreads:		8
loadthreads:		4
membudget_mb:		800
niothreads:		2
niters:		10
nshards:		11
nvertices:		4.61058e+06
scheduler:		0
stripesize:		1.07374e+09
updates:		4.61058e+07
work:		2.68431e+09
[Timings]
blockload:		1.7523s	 (count: 5210, min: 3e-06s, max: 0.005097, avg: 0.000336334s)
commit:		0.062282s	 (count: 1930, min: 0s, max: 0.001218, avg: 3.22705e-05s)
execute-updates:		1.85901s	 (count: 110, min: 0.001791s, max: 0.046289, avg: 0.0169001s)
iomgr_init:		8.5e-05 s
memoryshard_create_edges:		69.7675s	 (count: 220, min: 0.019085s, max: 1.54941, avg: 0.317125s)
memshard_commit:		1.3454s	 (count: 110, min: 0.002995s, max: 0.845019, avg: 0.0122309s)
preada_now:		12.8831s	 (count: 15470, min: 2e-06s, max: 2.95778, avg: 0.00083278s)
pwritea_now:		37.8427s	 (count: 10650, min: 3e-05s, max: 2.38457, avg: 0.00355331s)
read_next_vertices:		60.4811s	 (count: 1100, min: 0.014388s, max: 2.41326, avg: 0.0549829s)
runtime:		99.7792 s
stripedio_wait_for_reads:		0.000128s	 (count: 110, min: 0s, max: 8e-06, avg: 1.16364e-06s)
stripedio_wait_for_writes:		0.00013s	 (count: 121, min: 0s, max: 3e-06, avg: 1.07438e-06s)
[Other]
app:	pagerank
engine:	functional
file:	s23_e16/graph_s23_e16_packed
Print top 20 vertices: 
1. 0	1515.14
2. 436240	481.767
3. 16221	481.252
4. 512	480.167
5. 2048	480
6. 32048	479.922
7. 807154	479.477
8. 256	479.449
9. 232037	478.176
10. 128	478.007
11. 2624605	477.999
12. 64	477.825
13. 1	477.79
14. 16	477.578
15. 8155	476.83
16. 4093	476.798
17. 1024	476.305
18. 32	476.236
19. 8	475.977
20. 2	475.87

 === REPORT FOR pagerank() ===
[Numeric]
cachesize_mb:		0
compression:		0
execthreads:		8
loadthreads:		4
membudget_mb:		800
niothreads:		2
niters:		10
nshards:		11
nvertices:		4.61058e+06
scheduler:		0
stripesize:		1.07374e+09
updates:		4.61058e+07
work:		2.68431e+09
[Timings]
blockload:		1.73099s	 (count: 5210, min: 3e-06s, max: 0.00451, avg: 0.000332244s)
commit:		0.064355s	 (count: 1930, min: 0s, max: 0.000931, avg: 3.33446e-05s)
execute-updates:		1.85808s	 (count: 110, min: 0.002708s, max: 0.054018, avg: 0.0168917s)
iomgr_init:		0.000131 s
memoryshard_create_edges:		72.1898s	 (count: 220, min: 0.018088s, max: 3.38095, avg: 0.328135s)
memshard_commit:		0.544812s	 (count: 110, min: 0.002854s, max: 0.011042, avg: 0.00495284s)
preada_now:		10.902s	 (count: 15470, min: 3e-06s, max: 1.72346, avg: 0.00070472s)
pwritea_now:		55.1375s	 (count: 10650, min: 2.9e-05s, max: 3.16792, avg: 0.00517723s)
read_next_vertices:		78.548s	 (count: 1100, min: 0.014082s, max: 3.2008, avg: 0.0714073s)
runtime:		103.68 s
stripedio_wait_for_reads:		0.000119s	 (count: 110, min: 0s, max: 5e-06, avg: 1.08182e-06s)
stripedio_wait_for_writes:		0.000135s	 (count: 121, min: 0s, max: 5e-06, avg: 1.1157e-06s)
[Other]
app:	pagerank
engine:	functional
file:	s23_e16/graph_s23_e16_packed
Print top 20 vertices: 
1. 0	1515.16
2. 436240	481.767
3. 16221	481.251
4. 512	480.17
5. 2048	479.999
6. 32048	479.921
7. 807154	479.479
8. 256	479.451
9. 232037	478.178
10. 128	478.006
11. 2624605	478
12. 64	477.827
13. 1	477.789
14. 16	477.576
15. 8155	476.828
16. 4093	476.797
17. 1024	476.302
18. 32	476.234
19. 8	475.977
20. 2	475.869

 === REPORT FOR pagerank() ===
[Numeric]
cachesize_mb:		0
compression:		0
execthreads:		8
loadthreads:		4
membudget_mb:		800
niothreads:		2
niters:		10
nshards:		11
nvertices:		4.61058e+06
scheduler:		0
stripesize:		1.07374e+09
updates:		4.61058e+07
work:		2.68431e+09
[Timings]
blockload:		1.68886s	 (count: 5210, min: 3e-06s, max: 0.008265, avg: 0.000324158s)
commit:		0.063009s	 (count: 1930, min: 0s, max: 0.000923, avg: 3.26472e-05s)
execute-updates:		1.77324s	 (count: 110, min: 0.002697s, max: 0.042652, avg: 0.0161204s)
iomgr_init:		0.000131 s
memoryshard_create_edges:		68.6284s	 (count: 220, min: 0.019965s, max: 1.22188, avg: 0.311947s)
memshard_commit:		1.24158s	 (count: 110, min: 0.003094s, max: 0.701997, avg: 0.0112871s)
preada_now:		12.2384s	 (count: 15470, min: 2e-06s, max: 2.96488, avg: 0.000791104s)
pwritea_now:		26.6675s	 (count: 10650, min: 3.2e-05s, max: 2.20801, avg: 0.00250399s)
read_next_vertices:		48.5818s	 (count: 1100, min: 0.013915s, max: 2.25193, avg: 0.0441652s)
runtime:		95.2104 s
stripedio_wait_for_reads:		0.000117s	 (count: 110, min: 0s, max: 5e-06, avg: 1.06364e-06s)
stripedio_wait_for_writes:		0.000124s	 (count: 121, min: 0s, max: 3e-06, avg: 1.02479e-06s)
[Other]
app:	pagerank
engine:	functional
file:	s23_e16/graph_s23_e16_packed
Print top 20 vertices: 
1. 0	1515.16
2. 436240	481.764
3. 16221	481.253
4. 512	480.17
5. 2048	480
6. 32048	479.923
7. 807154	479.48
8. 256	479.452
9. 232037	478.177
10. 128	478.006
11. 2624605	477.999
12. 64	477.827
13. 1	477.789
14. 16	477.577
15. 8155	476.828
16. 4093	476.799
17. 1024	476.303
18. 32	476.235
19. 8	475.978
20. 2	475.871

 === REPORT FOR pagerank() ===
[Numeric]
cachesize_mb:		0
compression:		0
execthreads:		8
loadthreads:		4
membudget_mb:		800
niothreads:		2
niters:		10
nshards:		11
nvertices:		4.61058e+06
scheduler:		0
stripesize:		1.07374e+09
updates:		4.61058e+07
work:		2.68431e+09
[Timings]
blockload:		1.72505s	 (count: 5210, min: 3e-06s, max: 0.016453, avg: 0.000331104s)
commit:		0.065298s	 (count: 1930, min: 0s, max: 0.000983, avg: 3.38332e-05s)
execute-updates:		1.71731s	 (count: 110, min: 0.004238s, max: 0.045404, avg: 0.0156119s)
iomgr_init:		0.00013 s
memoryshard_create_edges:		72.4056s	 (count: 220, min: 0.018033s, max: 2.56944, avg: 0.329116s)
memshard_commit:		0.61259s	 (count: 110, min: 0.003137s, max: 0.051387, avg: 0.005569s)
preada_now:		10.0963s	 (count: 15470, min: 2e-06s, max: 1.39688, avg: 0.000652635s)
pwritea_now:		56.7582s	 (count: 10650, min: 3.1e-05s, max: 3.27546, avg: 0.00532941s)
read_next_vertices:		80.5703s	 (count: 1100, min: 0.015064s, max: 3.30089, avg: 0.0732457s)
runtime:		102.515 s
stripedio_wait_for_reads:		0.000118s	 (count: 110, min: 0s, max: 4e-06, avg: 1.07273e-06s)
stripedio_wait_for_writes:		0.000137s	 (count: 121, min: 0s, max: 3e-06, avg: 1.13223e-06s)
[Other]
app:	pagerank
engine:	functional
file:	s23_e16/graph_s23_e16_packed
Print top 20 vertices: 
1. 0	1515.16
2. 436240	481.767
3. 16221	481.251
4. 512	480.169
5. 2048	479.999
6. 32048	479.921
7. 807154	479.482
8. 256	479.45
9. 232037	478.177
10. 128	478.006
11. 2624605	478
12. 64	477.825
13. 1	477.789
14. 16	477.576
15. 8155	476.829
16. 4093	476.797
17. 1024	476.304
18. 32	476.234
19. 8	475.976
20. 2	475.871

 === REPORT FOR pagerank() ===
[Numeric]
cachesize_mb:		0
compression:		0
execthreads:		8
loadthreads:		4
membudget_mb:		800
niothreads:		2
niters:		10
nshards:		11
nvertices:		4.61058e+06
scheduler:		0
stripesize:		1.07374e+09
updates:		4.61058e+07
work:		2.68431e+09
[Timings]
blockload:		1.71696s	 (count: 5210, min: 3e-06s, max: 0.004588, avg: 0.000329551s)
commit:		0.060885s	 (count: 1930, min: 0s, max: 0.000821, avg: 3.15466e-05s)
execute-updates:		1.78562s	 (count: 110, min: 0.002673s, max: 0.050695, avg: 0.0162329s)
iomgr_init:		0.000124 s
memoryshard_create_edges:		74.8576s	 (count: 220, min: 0.01843s, max: 3.56337, avg: 0.340262s)
memshard_commit:		0.50182s	 (count: 110, min: 0.002954s, max: 0.009089, avg: 0.004562s)
preada_now:		10.8073s	 (count: 15470, min: 2e-06s, max: 2.82007, avg: 0.000698598s)
pwritea_now:		37.3761s	 (count: 10650, min: 2.9e-05s, max: 2.86518, avg: 0.00350949s)
read_next_vertices:		60.5369s	 (count: 1100, min: 0.015001s, max: 2.88347, avg: 0.0550336s)
runtime:		101.242 s
stripedio_wait_for_reads:		0.000126s	 (count: 110, min: 0s, max: 4e-06, avg: 1.14545e-06s)
stripedio_wait_for_writes:		0.000134s	 (count: 121, min: 0s, max: 2e-06, avg: 1.10744e-06s)
[Other]
app:	pagerank
engine:	functional
file:	s23_e16/graph_s23_e16_packed
Print top 20 vertices: 
1. 0	1515.17
2. 436240	481.765
3. 16221	481.252
4. 512	480.17
5. 2048	480
6. 32048	479.921
7. 807154	479.478
8. 256	479.452
9. 232037	478.176
10. 128	478.006
11. 2624605	478
12. 64	477.827
13. 1	477.789
14. 16	477.577
15. 8155	476.828
16. 4093	476.798
17. 1024	476.303
18. 32	476.233
19. 8	475.978
20. 2	475.869

 === REPORT FOR pagerank() ===
[Numeric]
cachesize_mb:		0
compression:		0
execthreads:		8
loadthreads:		4
membudget_mb:		800
niothreads:		2
niters:		10
nshards:		11
nvertices:		4.61058e+06
scheduler:		0
stripesize:		1.07374e+09
updates:		4.61058e+07
work:		2.68431e+09
[Timings]
blockload:		1.86945s	 (count: 5210, min: 3e-06s, max: 0.006041, avg: 0.000358819s)
commit:		0.067934s	 (count: 1930, min: 0s, max: 0.000837, avg: 3.5199e-05s)
execute-updates:		1.75368s	 (count: 110, min: 0.00263s, max: 0.047338, avg: 0.0159425s)
iomgr_init:		0.000164 s
memoryshard_create_edges:		68.6277s	 (count: 220, min: 0.01824s, max: 0.774148, avg: 0.311944s)
memshard_commit:		1.30662s	 (count: 110, min: 0.003417s, max: 0.714108, avg: 0.0118784s)
preada_now:		24.9311s	 (count: 15470, min: 2e-06s, max: 2.67109, avg: 0.00161158s)
pwritea_now:		21.7048s	 (count: 10650, min: 3.7e-05s, max: 2.36312, avg: 0.00203801s)
read_next_vertices:		44.979s	 (count: 1100, min: 0.015187s, max: 2.40823, avg: 0.04089s)
runtime:		108.877 s
stripedio_wait_for_reads:		0.000174s	 (count: 110, min: 0s, max: 9e-06, avg: 1.58182e-06s)
stripedio_wait_for_writes:		0.00014s	 (count: 121, min: 0s, max: 4e-06, avg: 1.15702e-06s)
[Other]
app:	pagerank
engine:	functional
file:	s23_e16/graph_s23_e16_packed
Print top 20 vertices: 
1. 0	1515.16
2. 436240	481.766
3. 16221	481.252
4. 512	480.166
5. 2048	480.001
6. 32048	479.922
7. 807154	479.478
8. 256	479.451
9. 232037	478.177
10. 128	478.006
11. 2624605	478.001
12. 64	477.826
13. 1	477.788
14. 16	477.576
15. 8155	476.828
16. 4093	476.797
17. 1024	476.303
18. 32	476.235
19. 8	475.976
20. 2	475.87
